[2025-06-03 13:33:53] AJAX request started: {"supplier_id":"1"}
[2025-06-03 13:33:53] Processing supplier ID: 1
[2025-06-03 13:33:53] Supplier found: {"id_supplier":1,"nama_supplier":"rudy","alamat":"123sa","kontak":"0987712","bahan_baku":null,"satuan":null}
[2025-06-03 13:33:53] Items directly linked to supplier: 1
[2025-06-03 13:33:53] Final items count: 1
[2025-06-03 13:33:53] Sending response: {"success":true,"supplier":{"id_supplier":1,"nama_supplier":"rudy","alamat":"123sa","kontak":"0987712","bahan_baku":null,"satuan":null},"items":[{"id_barang":7,"nama_barang":"mie","satuan":"kg","harga":"5000.00"}]}
[2025-06-03 14:19:46] AJAX request started: {"supplier_id":"1"}
[2025-06-03 14:19:46] Processing supplier ID: 1
[2025-06-03 14:19:46] Supplier found: {"id_supplier":1,"nama_supplier":"rudy","alamat":"123sa","kontak":"0987712","bahan_baku":null,"satuan":null}
[2025-06-03 14:19:46] Items directly linked to supplier: 1
[2025-06-03 14:19:46] Final items count: 1
[2025-06-03 14:19:46] Sending response: {"success":true,"supplier":{"id_supplier":1,"nama_supplier":"rudy","alamat":"123sa","kontak":"0987712","bahan_baku":null,"satuan":null},"items":[{"id_barang":7,"nama_barang":"mie","satuan":"kg","harga":"5000.00"}]}
[2025-06-03 14:36:22] AJAX request started: {"supplier_id":"2"}
[2025-06-03 14:36:22] Processing supplier ID: 2
[2025-06-03 14:36:22] Supplier found: {"id_supplier":2,"nama_supplier":"Beno","alamat":"jl.mawar","kontak":"0897212741","bahan_baku":"d, ss, s2, 2s","satuan":"kg, w, s, r"}
[2025-06-03 14:36:22] Items directly linked to supplier: 2
[2025-06-03 14:36:22] Final items count: 2
[2025-06-03 14:36:22] Sending response: {"success":true,"supplier":{"id_supplier":2,"nama_supplier":"Beno","alamat":"jl.mawar","kontak":"0897212741","bahan_baku":"d, ss, s2, 2s","satuan":"kg, w, s, r"},"items":[{"id_barang":9,"nama_barang":"s2","satuan":"kg","harga":"3000.00"},{"id_barang":8,"nama_barang":"Sawi","satuan":"kg","harga":"2000.00"}]}
[2025-06-03 20:43:17] AJAX request started: {"supplier_id":"1"}
[2025-06-03 20:43:17] Processing supplier ID: 1
[2025-06-03 20:43:17] Supplier found: {"id_supplier":1,"nama_supplier":"rudy","alamat":"123sa","kontak":"0987712","bahan_baku":"ayampok","satuan":"pcs"}
[2025-06-03 20:43:17] Items directly linked to supplier: 2
[2025-06-03 20:43:17] Final items count: 2
[2025-06-03 20:43:17] Sending response: {"success":true,"supplier":{"id_supplier":1,"nama_supplier":"rudy","alamat":"123sa","kontak":"0987712","bahan_baku":"ayampok","satuan":"pcs"},"items":[{"id_barang":10,"nama_barang":"ayampok","satuan":"pcs","harga":"8000.00"},{"id_barang":7,"nama_barang":"mie","satuan":"kg","harga":"5000.00"}]}
[2025-06-03 20:44:21] AJAX request started: {"supplier_id":"2"}
[2025-06-03 20:44:21] Processing supplier ID: 2
[2025-06-03 20:44:21] Supplier found: {"id_supplier":2,"nama_supplier":"Beno","alamat":"jl.mawar","kontak":"0897212741","bahan_baku":"d, ss, s2, 2s","satuan":"kg, w, s, r"}
[2025-06-03 20:44:21] Items directly linked to supplier: 2
[2025-06-03 20:44:21] Final items count: 2
[2025-06-03 20:44:21] Sending response: {"success":true,"supplier":{"id_supplier":2,"nama_supplier":"Beno","alamat":"jl.mawar","kontak":"0897212741","bahan_baku":"d, ss, s2, 2s","satuan":"kg, w, s, r"},"items":[{"id_barang":9,"nama_barang":"s2","satuan":"kg","harga":"3000.00"},{"id_barang":8,"nama_barang":"Sawi","satuan":"kg","harga":"2000.00"}]}
[2025-06-03 20:44:23] AJAX request started: {"supplier_id":"1"}
[2025-06-03 20:44:23] Processing supplier ID: 1
[2025-06-03 20:44:23] Supplier found: {"id_supplier":1,"nama_supplier":"rudy","alamat":"123sa","kontak":"0987712","bahan_baku":"ayampok","satuan":"pcs"}
[2025-06-03 20:44:23] Items directly linked to supplier: 2
[2025-06-03 20:44:23] Final items count: 2
[2025-06-03 20:44:23] Sending response: {"success":true,"supplier":{"id_supplier":1,"nama_supplier":"rudy","alamat":"123sa","kontak":"0987712","bahan_baku":"ayampok","satuan":"pcs"},"items":[{"id_barang":10,"nama_barang":"ayampok","satuan":"pcs","harga":"8000.00"},{"id_barang":7,"nama_barang":"mie","satuan":"kg","harga":"5000.00"}]}
[2025-06-03 21:14:10] AJAX request started: {"supplier_id":"1"}
[2025-06-03 21:14:10] Processing supplier ID: 1
[2025-06-03 21:14:10] Sending response: {"success":true,"items":[{"id_barang":7,"nama_barang":"mie","satuan":"kg","harga":"5000.00"},{"id_barang":10,"nama_barang":"ayampok","satuan":"pcs","harga":"8000.00"}],"supplier":{"id_supplier":1,"nama_supplier":"rudy","alamat":"123sa","kontak":"0987712"}}
[2025-06-03 21:14:27] AJAX request started: {"supplier_id":"1"}
[2025-06-03 21:14:27] Processing supplier ID: 1
[2025-06-03 21:14:27] Sending response: {"success":true,"items":[{"id_barang":7,"nama_barang":"mie","satuan":"kg","harga":"5000.00"},{"id_barang":10,"nama_barang":"ayampok","satuan":"pcs","harga":"8000.00"}],"supplier":{"id_supplier":1,"nama_supplier":"rudy","alamat":"123sa","kontak":"0987712"}}
[2025-06-04 05:45:04] AJAX request started: {"supplier_id":"1"}
[2025-06-04 05:45:04] Processing supplier ID: 1
[2025-06-04 05:45:04] Sending response: {"success":true,"items":[{"id_barang":7,"nama_barang":"mie","satuan":"kg","harga":"5000.00"},{"id_barang":10,"nama_barang":"ayampok","satuan":"pcs","harga":"8000.00"},{"id_barang":0,"nama_barang":"ayambuk","satuan":"pcs","harga":0}],"supplier":{"id_supplier":1,"nama_supplier":"rudy","alamat":"123sa","kontak":"0987712"}}
[2025-06-04 15:59:36] AJAX request started: {"supplier_id":"3"}
[2025-06-04 15:59:36] Processing supplier ID: 3
[2025-06-04 15:59:36] Sending response: {"success":true,"items":[{"id_barang":13,"nama_barang":"kopi","satuan":"pack","harga":"3000.00"},{"id_barang":0,"nama_barang":"gula","satuan":"gr","harga":0},{"id_barang":0,"nama_barang":"teh","satuan":"pack","harga":0}],"supplier":{"id_supplier":3,"nama_supplier":"rudy","alamat":"jalan aren 1","kontak":"0812212121"}}
[2025-06-04 16:32:28] AJAX request started: {"supplier_id":"3"}
[2025-06-04 16:32:28] Processing supplier ID: 3
[2025-06-04 16:32:28] Sending response: {"success":true,"items":[{"id_barang":13,"nama_barang":"kopi","satuan":"pack","harga":"3000.00"},{"id_barang":0,"nama_barang":"gula","satuan":"gr","harga":0},{"id_barang":0,"nama_barang":"teh","satuan":"pack","harga":0}],"supplier":{"id_supplier":3,"nama_supplier":"rudy","alamat":"jalan aren 1","kontak":"0812212121"}}
[2025-06-04 17:21:20] AJAX request started: {"supplier_id":"3"}
[2025-06-04 17:21:20] Processing supplier ID: 3
[2025-06-04 17:21:20] Sending response: {"success":true,"items":[{"id_barang":13,"nama_barang":"kopi","satuan":"pack","harga":"3000.00"},{"id_barang":14,"nama_barang":"gula","satuan":"gr","harga":"3000.00"},{"id_barang":0,"nama_barang":"teh","satuan":"pack","harga":0}],"supplier":{"id_supplier":3,"nama_supplier":"rudy","alamat":"jalan aren 1","kontak":"0812212121"}}
[2025-06-04 17:29:16] AJAX request started: {"supplier_id":"3"}
[2025-06-04 17:29:16] Processing supplier ID: 3
[2025-06-04 17:29:16] Sending response: {"success":true,"items":[{"id_barang":13,"nama_barang":"kopi","satuan":"pack","harga":"3000.00"},{"id_barang":14,"nama_barang":"gula","satuan":"gr","harga":"3000.00"},{"id_barang":0,"nama_barang":"teh","satuan":"pack","harga":0}],"supplier":{"id_supplier":3,"nama_supplier":"rudy","alamat":"jalan aren 1","kontak":"0812212121"}}
[2025-06-04 17:48:00] AJAX request started: {"supplier_id":"3"}
[2025-06-04 17:48:00] Processing supplier ID: 3
[2025-06-04 17:48:00] Sending response: {"success":true,"items":[{"id_barang":13,"nama_barang":"kopi","satuan":"pack","harga":"3000.00"},{"id_barang":14,"nama_barang":"gula","satuan":"gr","harga":"3000.00"},{"id_barang":0,"nama_barang":"teh","satuan":"pack","harga":0}],"supplier":{"id_supplier":3,"nama_supplier":"rudy","alamat":"jalan aren 1","kontak":"0812212121"}}
[2025-06-04 18:21:36] AJAX request started: {"supplier_id":"3"}
[2025-06-04 18:21:36] Processing supplier ID: 3
[2025-06-04 18:21:36] Sending response: {"success":true,"items":[{"id_barang":13,"nama_barang":"kopi","satuan":"pack","harga":"3000.00"},{"id_barang":14,"nama_barang":"gula","satuan":"gr","harga":"3000.00"},{"id_barang":0,"nama_barang":"teh","satuan":"pack","harga":0}],"supplier":{"id_supplier":3,"nama_supplier":"rudy","alamat":"jalan aren 1","kontak":"0812212121"}}
[2025-06-04 18:35:52] AJAX request started: {"supplier_id":"3"}
[2025-06-04 18:35:52] Processing supplier ID: 3
[2025-06-04 18:35:52] Sending response: {"success":true,"items":[{"id_barang":13,"nama_barang":"kopi","satuan":"pack","harga":"3000.00"},{"id_barang":14,"nama_barang":"gula","satuan":"gr","harga":"3000.00"},{"id_barang":0,"nama_barang":"teh","satuan":"pack","harga":0}],"supplier":{"id_supplier":3,"nama_supplier":"rudy","alamat":"jalan aren 1","kontak":"0812212121"}}
[2025-06-04 18:37:13] AJAX request started: {"supplier_id":"3"}
[2025-06-04 18:37:13] Processing supplier ID: 3
[2025-06-04 18:37:13] Sending response: {"success":true,"items":[{"id_barang":13,"nama_barang":"kopi","satuan":"pack","harga":"3000.00"},{"id_barang":14,"nama_barang":"gula","satuan":"gr","harga":"3000.00"},{"id_barang":0,"nama_barang":"teh","satuan":"pack","harga":0},{"id_barang":0,"nama_barang":"susu","satuan":"pack","harga":0}],"supplier":{"id_supplier":3,"nama_supplier":"rudy","alamat":"jalan aren 1","kontak":"0812212121"}}
[2025-06-04 18:37:30] AJAX request started: {"supplier_id":"3"}
[2025-06-04 18:37:30] Processing supplier ID: 3
[2025-06-04 18:37:30] Sending response: {"success":true,"items":[{"id_barang":13,"nama_barang":"kopi","satuan":"pack","harga":"3000.00"},{"id_barang":14,"nama_barang":"gula","satuan":"gr","harga":"3000.00"},{"id_barang":0,"nama_barang":"teh","satuan":"pack","harga":0},{"id_barang":0,"nama_barang":"susu","satuan":"pack","harga":0}],"supplier":{"id_supplier":3,"nama_supplier":"rudy","alamat":"jalan aren 1","kontak":"0812212121"}}
[2025-06-04 18:38:18] AJAX request started: {"supplier_id":"3"}
[2025-06-04 18:38:18] Processing supplier ID: 3
[2025-06-04 18:38:18] Sending response: {"success":true,"items":[{"id_barang":13,"nama_barang":"kopi","satuan":"pack","harga":"3000.00"},{"id_barang":14,"nama_barang":"gula","satuan":"gr","harga":"3000.00"},{"id_barang":0,"nama_barang":"teh","satuan":"pack","harga":0},{"id_barang":0,"nama_barang":"susu","satuan":"pack","harga":0}],"supplier":{"id_supplier":3,"nama_supplier":"rudy","alamat":"jalan aren 1","kontak":"0812212121"}}
[2025-06-04 18:38:28] AJAX request started: {"supplier_id":"3"}
[2025-06-04 18:38:28] Processing supplier ID: 3
[2025-06-04 18:38:28] Sending response: {"success":true,"items":[{"id_barang":13,"nama_barang":"kopi","satuan":"pack","harga":"3000.00"},{"id_barang":14,"nama_barang":"gula","satuan":"gr","harga":"3000.00"},{"id_barang":0,"nama_barang":"teh","satuan":"pack","harga":0},{"id_barang":0,"nama_barang":"susu","satuan":"pack","harga":0}],"supplier":{"id_supplier":3,"nama_supplier":"rudy","alamat":"jalan aren 1","kontak":"0812212121"}}
[2025-06-04 19:02:07] AJAX request started: {"supplier_id":"3"}
[2025-06-04 19:02:07] Processing supplier ID: 3
[2025-06-04 19:02:07] Sending response: {"success":true,"items":[{"id_barang":13,"nama_barang":"kopi","satuan":"pack","harga":"3000.00"},{"id_barang":14,"nama_barang":"gula","satuan":"gr","harga":"3000.00"},{"id_barang":0,"nama_barang":"teh","satuan":"pack","harga":0},{"id_barang":0,"nama_barang":"susu","satuan":"pack","harga":0}],"supplier":{"id_supplier":3,"nama_supplier":"rudy","alamat":"jalan aren 1","kontak":"0812212121"}}
[2025-06-04 19:51:58] AJAX request started: {"supplier_id":"3"}
[2025-06-04 19:51:58] Processing supplier ID: 3
[2025-06-04 19:51:58] Sending response: {"success":true,"items":[{"id_barang":13,"nama_barang":"kopi","satuan":"pack","harga":"3000.00"},{"id_barang":14,"nama_barang":"gula","satuan":"gr","harga":"3000.00"},{"id_barang":0,"nama_barang":"teh","satuan":"pack","harga":0},{"id_barang":0,"nama_barang":"susu","satuan":"pack","harga":0}],"supplier":{"id_supplier":3,"nama_supplier":"rudy","alamat":"jalan aren 1","kontak":"0812212121"}}
[2025-06-04 19:53:25] AJAX request started: {"supplier_id":"3"}
[2025-06-04 19:53:25] Processing supplier ID: 3
[2025-06-04 19:53:25] Sending response: {"success":true,"items":[{"id_barang":13,"nama_barang":"kopi","satuan":"pack","harga":"3000.00"},{"id_barang":14,"nama_barang":"gula","satuan":"gr","harga":"3000.00"},{"id_barang":15,"nama_barang":"teh","satuan":"pack","harga":"4000.00"},{"id_barang":16,"nama_barang":"susu","satuan":"pack","harga":"10000.00"}],"supplier":{"id_supplier":3,"nama_supplier":"rudy","alamat":"jalan aren 1","kontak":"0812212121"}}
[2025-06-04 19:53:33] AJAX request started: {"supplier_id":"3"}
[2025-06-04 19:53:33] Processing supplier ID: 3
[2025-06-04 19:53:33] Sending response: {"success":true,"items":[{"id_barang":13,"nama_barang":"kopi","satuan":"pack","harga":"3000.00"},{"id_barang":14,"nama_barang":"gula","satuan":"gr","harga":"3000.00"},{"id_barang":15,"nama_barang":"teh","satuan":"pack","harga":"4000.00"},{"id_barang":16,"nama_barang":"susu","satuan":"pack","harga":"10000.00"}],"supplier":{"id_supplier":3,"nama_supplier":"rudy","alamat":"jalan aren 1","kontak":"0812212121"}}
[2025-06-04 19:53:35] AJAX request started: {"supplier_id":"3"}
[2025-06-04 19:53:35] Processing supplier ID: 3
[2025-06-04 19:53:35] Sending response: {"success":true,"items":[{"id_barang":13,"nama_barang":"kopi","satuan":"pack","harga":"3000.00"},{"id_barang":14,"nama_barang":"gula","satuan":"gr","harga":"3000.00"},{"id_barang":15,"nama_barang":"teh","satuan":"pack","harga":"4000.00"},{"id_barang":16,"nama_barang":"susu","satuan":"pack","harga":"10000.00"}],"supplier":{"id_supplier":3,"nama_supplier":"rudy","alamat":"jalan aren 1","kontak":"0812212121"}}
[2025-06-04 19:53:38] AJAX request started: {"supplier_id":"3"}
[2025-06-04 19:53:38] Processing supplier ID: 3
[2025-06-04 19:53:38] Sending response: {"success":true,"items":[{"id_barang":13,"nama_barang":"kopi","satuan":"pack","harga":"3000.00"},{"id_barang":14,"nama_barang":"gula","satuan":"gr","harga":"3000.00"},{"id_barang":15,"nama_barang":"teh","satuan":"pack","harga":"4000.00"},{"id_barang":16,"nama_barang":"susu","satuan":"pack","harga":"10000.00"}],"supplier":{"id_supplier":3,"nama_supplier":"rudy","alamat":"jalan aren 1","kontak":"0812212121"}}
[2025-06-04 19:58:02] AJAX request started: {"supplier_id":"3"}
[2025-06-04 19:58:02] Processing supplier ID: 3
[2025-06-04 19:58:02] Sending response: {"success":true,"items":[{"id_barang":13,"nama_barang":"kopi","satuan":"pack","harga":"3000.00"},{"id_barang":14,"nama_barang":"gula","satuan":"gr","harga":"3000.00"},{"id_barang":15,"nama_barang":"teh","satuan":"pack","harga":"4000.00"},{"id_barang":16,"nama_barang":"susu","satuan":"pack","harga":"10000.00"}],"supplier":{"id_supplier":3,"nama_supplier":"rudy","alamat":"jalan aren 1","kontak":"0812212121"}}
[2025-06-04 19:58:09] AJAX request started: {"supplier_id":"3"}
[2025-06-04 19:58:09] Processing supplier ID: 3
[2025-06-04 19:58:09] Sending response: {"success":true,"items":[{"id_barang":13,"nama_barang":"kopi","satuan":"pack","harga":"3000.00"},{"id_barang":14,"nama_barang":"gula","satuan":"gr","harga":"3000.00"},{"id_barang":15,"nama_barang":"teh","satuan":"pack","harga":"4000.00"},{"id_barang":16,"nama_barang":"susu","satuan":"pack","harga":"10000.00"}],"supplier":{"id_supplier":3,"nama_supplier":"rudy","alamat":"jalan aren 1","kontak":"0812212121"}}
[2025-06-04 19:58:12] AJAX request started: {"supplier_id":"3"}
[2025-06-04 19:58:12] Processing supplier ID: 3
[2025-06-04 19:58:12] Sending response: {"success":true,"items":[{"id_barang":13,"nama_barang":"kopi","satuan":"pack","harga":"3000.00"},{"id_barang":14,"nama_barang":"gula","satuan":"gr","harga":"3000.00"},{"id_barang":15,"nama_barang":"teh","satuan":"pack","harga":"4000.00"},{"id_barang":16,"nama_barang":"susu","satuan":"pack","harga":"10000.00"}],"supplier":{"id_supplier":3,"nama_supplier":"rudy","alamat":"jalan aren 1","kontak":"0812212121"}}
[2025-06-04 19:58:15] AJAX request started: {"supplier_id":"3"}
[2025-06-04 19:58:15] Processing supplier ID: 3
[2025-06-04 19:58:15] Sending response: {"success":true,"items":[{"id_barang":13,"nama_barang":"kopi","satuan":"pack","harga":"3000.00"},{"id_barang":14,"nama_barang":"gula","satuan":"gr","harga":"3000.00"},{"id_barang":15,"nama_barang":"teh","satuan":"pack","harga":"4000.00"},{"id_barang":16,"nama_barang":"susu","satuan":"pack","harga":"10000.00"}],"supplier":{"id_supplier":3,"nama_supplier":"rudy","alamat":"jalan aren 1","kontak":"0812212121"}}
[2025-06-04 21:06:36] AJAX request started: {"supplier_id":"3"}
[2025-06-04 21:06:36] Processing supplier ID: 3
[2025-06-04 21:06:36] Sending response: {"success":true,"items":[{"id_barang":13,"nama_barang":"kopi","satuan":"pack","harga":"3000.00"},{"id_barang":14,"nama_barang":"gula","satuan":"gr","harga":"3000.00"},{"id_barang":15,"nama_barang":"teh","satuan":"pack","harga":"4000.00"},{"id_barang":16,"nama_barang":"susu","satuan":"pack","harga":"10000.00"}],"supplier":{"id_supplier":3,"nama_supplier":"rudy","alamat":"jalan aren 1","kontak":"0812212121"}}
[2025-06-04 21:24:02] AJAX request started: {"supplier_id":"3"}
[2025-06-04 21:24:02] Processing supplier ID: 3
[2025-06-04 21:24:02] Sending response: {"success":true,"items":[{"id_barang":13,"nama_barang":"kopi","satuan":"pack","harga":"3000.00"},{"id_barang":14,"nama_barang":"gula","satuan":"gr","harga":"3000.00"},{"id_barang":15,"nama_barang":"teh","satuan":"pack","harga":"4000.00"},{"id_barang":16,"nama_barang":"susu","satuan":"pack","harga":"10000.00"}],"supplier":{"id_supplier":3,"nama_supplier":"rudy","alamat":"jalan aren 1","kontak":"0812212121"}}
[2025-06-05 12:00:32] AJAX request started: {"supplier_id":"3"}
[2025-06-05 12:00:32] Processing supplier ID: 3
[2025-06-05 12:00:32] Sending response: {"success":true,"items":[{"id_barang":13,"nama_barang":"kopi","satuan":"pack","harga":"3000.00"},{"id_barang":14,"nama_barang":"gula","satuan":"gr","harga":"3000.00"},{"id_barang":15,"nama_barang":"teh","satuan":"pack","harga":"4000.00"},{"id_barang":16,"nama_barang":"susu","satuan":"pack","harga":"10000.00"}],"supplier":{"id_supplier":3,"nama_supplier":"rudy","alamat":"jalan aren 1","kontak":"0812212121"}}
[2025-06-05 12:00:40] AJAX request started: {"supplier_id":"3"}
[2025-06-05 12:00:40] Processing supplier ID: 3
[2025-06-05 12:00:40] Sending response: {"success":true,"items":[{"id_barang":13,"nama_barang":"kopi","satuan":"pack","harga":"3000.00"},{"id_barang":14,"nama_barang":"gula","satuan":"gr","harga":"3000.00"},{"id_barang":15,"nama_barang":"teh","satuan":"pack","harga":"4000.00"},{"id_barang":16,"nama_barang":"susu","satuan":"pack","harga":"10000.00"}],"supplier":{"id_supplier":3,"nama_supplier":"rudy","alamat":"jalan aren 1","kontak":"0812212121"}}
[2025-06-05 12:01:18] AJAX request started: {"supplier_id":"3"}
[2025-06-05 12:01:18] Processing supplier ID: 3
[2025-06-05 12:01:18] Sending response: {"success":true,"items":[{"id_barang":13,"nama_barang":"kopi","satuan":"pack","harga":"3000.00"},{"id_barang":14,"nama_barang":"gula","satuan":"gr","harga":"3000.00"},{"id_barang":15,"nama_barang":"teh","satuan":"pack","harga":"4000.00"},{"id_barang":16,"nama_barang":"susu","satuan":"pack","harga":"10000.00"}],"supplier":{"id_supplier":3,"nama_supplier":"rudy","alamat":"jalan aren 1","kontak":"0812212121"}}
[2025-06-05 12:30:22] AJAX request started: {"supplier_id":"3"}
[2025-06-05 12:30:22] Processing supplier ID: 3
[2025-06-05 12:30:22] Sending response: {"success":true,"items":[{"id_barang":13,"nama_barang":"kopi","satuan":"pack","harga":"3000.00"},{"id_barang":14,"nama_barang":"gula","satuan":"gr","harga":"3000.00"},{"id_barang":15,"nama_barang":"teh","satuan":"pack","harga":"4000.00"},{"id_barang":16,"nama_barang":"susu","satuan":"pack","harga":"10000.00"}],"supplier":{"id_supplier":3,"nama_supplier":"rudy","alamat":"jalan aren 1","kontak":"0812212121"}}
[2025-06-05 12:30:42] AJAX request started: {"supplier_id":"3"}
[2025-06-05 12:30:42] Processing supplier ID: 3
[2025-06-05 12:30:42] Sending response: {"success":true,"items":[{"id_barang":13,"nama_barang":"kopi","satuan":"pack","harga":"3000.00"},{"id_barang":14,"nama_barang":"gula","satuan":"gr","harga":"3000.00"},{"id_barang":15,"nama_barang":"teh","satuan":"pack","harga":"4000.00"},{"id_barang":16,"nama_barang":"susu","satuan":"pack","harga":"10000.00"}],"supplier":{"id_supplier":3,"nama_supplier":"rudy","alamat":"jalan aren 1","kontak":"0812212121"}}
[2025-06-05 12:30:52] AJAX request started: {"supplier_id":"3"}
[2025-06-05 12:30:52] Processing supplier ID: 3
[2025-06-05 12:30:52] Sending response: {"success":true,"items":[{"id_barang":13,"nama_barang":"kopi","satuan":"pack","harga":"3000.00"},{"id_barang":14,"nama_barang":"gula","satuan":"gr","harga":"3000.00"},{"id_barang":15,"nama_barang":"teh","satuan":"pack","harga":"4000.00"},{"id_barang":16,"nama_barang":"susu","satuan":"pack","harga":"10000.00"}],"supplier":{"id_supplier":3,"nama_supplier":"rudy","alamat":"jalan aren 1","kontak":"0812212121"}}
[2025-06-06 05:07:10] AJAX request started: {"supplier_id":"3"}
[2025-06-06 05:07:10] Processing supplier ID: 3
[2025-06-06 05:07:10] Sending response: {"success":true,"items":[{"id_barang":13,"nama_barang":"kopi","satuan":"pack","harga":"3000.00"},{"id_barang":14,"nama_barang":"gula","satuan":"gr","harga":"3000.00"},{"id_barang":15,"nama_barang":"teh","satuan":"pack","harga":"4000.00"},{"id_barang":16,"nama_barang":"susu","satuan":"pack","harga":"10000.00"}],"supplier":{"id_supplier":3,"nama_supplier":"rudy","alamat":"jalan aren 1","kontak":"0812212121"}}
[2025-06-06 05:07:28] AJAX request started: {"supplier_id":"3"}
[2025-06-06 05:07:28] Processing supplier ID: 3
[2025-06-06 05:07:28] Sending response: {"success":true,"items":[{"id_barang":13,"nama_barang":"kopi","satuan":"pack","harga":"3000.00"},{"id_barang":14,"nama_barang":"gula","satuan":"gr","harga":"3000.00"},{"id_barang":15,"nama_barang":"teh","satuan":"pack","harga":"4000.00"},{"id_barang":16,"nama_barang":"susu","satuan":"pack","harga":"10000.00"}],"supplier":{"id_supplier":3,"nama_supplier":"rudy","alamat":"jalan aren 1","kontak":"0812212121"}}
